nohup: ignoring input
Unable to find image 'psadlowski/rstan:clean' locally
clean: Pulling from psadlowski/rstan
7e2b2a5af8f6: Pulling fs layer
59c89b5f9b0c: Pulling fs layer
4017849f9f85: Pulling fs layer
c8b29d62979a: Pulling fs layer
12004028a6a7: Pulling fs layer
3f09b9a53dfb: Pulling fs layer
03ed58116b0c: Pulling fs layer
7844554d9ef7: Pulling fs layer
69fd729adbcf: Pulling fs layer
c8b29d62979a: Waiting
12004028a6a7: Waiting
3f09b9a53dfb: Waiting
03ed58116b0c: Waiting
7844554d9ef7: Waiting
69fd729adbcf: Waiting
7e2b2a5af8f6: Verifying Checksum
7e2b2a5af8f6: Download complete
c8b29d62979a: Verifying Checksum
c8b29d62979a: Download complete
12004028a6a7: Verifying Checksum
12004028a6a7: Download complete
3f09b9a53dfb: Verifying Checksum
3f09b9a53dfb: Download complete
03ed58116b0c: Verifying Checksum
03ed58116b0c: Download complete
4017849f9f85: Verifying Checksum
4017849f9f85: Download complete
59c89b5f9b0c: Verifying Checksum
59c89b5f9b0c: Download complete
69fd729adbcf: Verifying Checksum
69fd729adbcf: Download complete
7e2b2a5af8f6: Pull complete
7844554d9ef7: Verifying Checksum
7844554d9ef7: Download complete
59c89b5f9b0c: Pull complete
4017849f9f85: Pull complete
c8b29d62979a: Pull complete
12004028a6a7: Pull complete
3f09b9a53dfb: Pull complete
03ed58116b0c: Pull complete
7844554d9ef7: Pull complete
69fd729adbcf: Pull complete
Digest: sha256:9dcb3ae931efa94f6e6c94a8c88d942d6bc46697021a9ae04bd3e7bce117fccc
Status: Downloaded newer image for psadlowski/rstan:clean
704f821ca2a92161c7d7ff4256ef69779540d757400a5e7090fd2b4c8efc3215
deleting user rstudio
creating new rumcajs with UID 5000
useradd: warning: the home directory already exists.
Not copying any file from skel directory into it.
mkdir: cannot create directory ‘/home/rumcajs’: File exists
Loading required package: StanHeaders
Loading required package: ggplot2
rstan (Version 2.19.3, GitRev: 2e1f913d3ca3)
For execution on a local, multicore CPU with excess RAM we recommend calling
options(mc.cores = parallel::detectCores()).
To avoid recompilation of unchanged Stan programs, we recommend calling
rstan_options(auto_write = TRUE)

SAMPLING FOR MODEL 'sigmoid_smooth_v3b1_dev' NOW (CHAIN 1).

SAMPLING FOR MODEL 'sigmoid_smooth_v3b1_dev' NOW (CHAIN 2).

SAMPLING FOR MODEL 'sigmoid_smooth_v3b1_dev' NOW (CHAIN 3).

SAMPLING FOR MODEL 'sigmoid_smooth_v3b1_dev' NOW (CHAIN 4).
Chain 3: 
Chain 3: Gradient evaluation took 0.127769 seconds
Chain 3: 1000 transitions using 10 leapfrog steps per transition would take 1277.69 seconds.
Chain 3: Adjust your expectations accordingly!
Chain 3: 
Chain 3: 
Chain 4: 
Chain 4: Gradient evaluation took 0.127489 seconds
Chain 4: 1000 transitions using 10 leapfrog steps per transition would take 1274.89 seconds.
Chain 4: Adjust your expectations accordingly!
Chain 4: 
Chain 4: 
Chain 2: 
Chain 2: Gradient evaluation took 0.127056 seconds
Chain 2: 1000 transitions using 10 leapfrog steps per transition would take 1270.56 seconds.
Chain 2: Adjust your expectations accordingly!
Chain 2: 
Chain 2: 
Chain 1: 
Chain 1: Gradient evaluation took 0.124405 seconds
Chain 1: 1000 transitions using 10 leapfrog steps per transition would take 1244.05 seconds.
Chain 1: Adjust your expectations accordingly!
Chain 1: 
Chain 1: 
Chain 4: Iteration:    1 / 2000 [  0%]  (Warmup)
Chain 3: Iteration:    1 / 2000 [  0%]  (Warmup)
Chain 1: Iteration:    1 / 2000 [  0%]  (Warmup)
Chain 2: Iteration:    1 / 2000 [  0%]  (Warmup)
Chain 2: Iteration:  200 / 2000 [ 10%]  (Warmup)
Chain 4: Iteration:  200 / 2000 [ 10%]  (Warmup)
Chain 1: Iteration:  200 / 2000 [ 10%]  (Warmup)
Chain 3: Iteration:  200 / 2000 [ 10%]  (Warmup)
Chain 2: Iteration:  400 / 2000 [ 20%]  (Warmup)
Chain 1: Iteration:  400 / 2000 [ 20%]  (Warmup)
Chain 4: Iteration:  400 / 2000 [ 20%]  (Warmup)
Chain 3: Iteration:  400 / 2000 [ 20%]  (Warmup)
Chain 2: Iteration:  600 / 2000 [ 30%]  (Warmup)
Chain 1: Iteration:  600 / 2000 [ 30%]  (Warmup)
Chain 4: Iteration:  600 / 2000 [ 30%]  (Warmup)
Chain 3: Iteration:  600 / 2000 [ 30%]  (Warmup)
Chain 2: Iteration:  800 / 2000 [ 40%]  (Warmup)
Chain 1: Iteration:  800 / 2000 [ 40%]  (Warmup)
Chain 3: Iteration:  800 / 2000 [ 40%]  (Warmup)
Chain 4: Iteration:  800 / 2000 [ 40%]  (Warmup)
Chain 2: Iteration: 1000 / 2000 [ 50%]  (Warmup)
Chain 2: Iteration: 1001 / 2000 [ 50%]  (Sampling)
Chain 3: Iteration: 1000 / 2000 [ 50%]  (Warmup)
Chain 3: Iteration: 1001 / 2000 [ 50%]  (Sampling)
Chain 4: Iteration: 1000 / 2000 [ 50%]  (Warmup)
Chain 4: Iteration: 1001 / 2000 [ 50%]  (Sampling)
Chain 2: Iteration: 1200 / 2000 [ 60%]  (Sampling)
Chain 1: Iteration: 1000 / 2000 [ 50%]  (Warmup)
Chain 1: Iteration: 1001 / 2000 [ 50%]  (Sampling)
Chain 3: Iteration: 1200 / 2000 [ 60%]  (Sampling)
Chain 4: Iteration: 1200 / 2000 [ 60%]  (Sampling)
Chain 2: Iteration: 1400 / 2000 [ 70%]  (Sampling)
Chain 3: Iteration: 1400 / 2000 [ 70%]  (Sampling)
Chain 4: Iteration: 1400 / 2000 [ 70%]  (Sampling)
Chain 2: Iteration: 1600 / 2000 [ 80%]  (Sampling)
Chain 1: Iteration: 1200 / 2000 [ 60%]  (Sampling)
Chain 3: Iteration: 1600 / 2000 [ 80%]  (Sampling)
Chain 4: Iteration: 1600 / 2000 [ 80%]  (Sampling)
Chain 2: Iteration: 1800 / 2000 [ 90%]  (Sampling)
Chain 3: Iteration: 1800 / 2000 [ 90%]  (Sampling)
Chain 4: Iteration: 1800 / 2000 [ 90%]  (Sampling)
Chain 2: Iteration: 2000 / 2000 [100%]  (Sampling)
Chain 2: 
Chain 2:  Elapsed Time: 15146.3 seconds (Warm-up)
Chain 2:                9409.39 seconds (Sampling)
Chain 2:                24555.7 seconds (Total)
Chain 2: 
Chain 1: Iteration: 1400 / 2000 [ 70%]  (Sampling)
Chain 3: Iteration: 2000 / 2000 [100%]  (Sampling)
Chain 3: 
Chain 3:  Elapsed Time: 16226.4 seconds (Warm-up)
Chain 3:                9403.98 seconds (Sampling)
Chain 3:                25630.4 seconds (Total)
Chain 3: 
Chain 4: Iteration: 2000 / 2000 [100%]  (Sampling)
Chain 4: 
Chain 4:  Elapsed Time: 16322.7 seconds (Warm-up)
Chain 4:                9375.28 seconds (Sampling)
Chain 4:                25698 seconds (Total)
Chain 4: 
Chain 1: Iteration: 1600 / 2000 [ 80%]  (Sampling)
Chain 1: Iteration: 1800 / 2000 [ 90%]  (Sampling)
Chain 1: Iteration: 2000 / 2000 [100%]  (Sampling)
Chain 1: 
Chain 1:  Elapsed Time: 17655.9 seconds (Warm-up)
Chain 1:                14386 seconds (Sampling)
Chain 1:                32041.9 seconds (Total)
Chain 1: 
Warning messages:
1: There were 18 divergent transitions after warmup. Increasing adapt_delta above 0.8 may help. See
http://mc-stan.org/misc/warnings.html#divergent-transitions-after-warmup 
2: Examine the pairs() plot to diagnose sampling problems
 
3: The largest R-hat is NA, indicating chains have not mixed.
Running the chains for more iterations may help. See
http://mc-stan.org/misc/warnings.html#r-hat 
4: Bulk Effective Samples Size (ESS) is too low, indicating posterior means and medians may be unreliable.
Running the chains for more iterations may help. See
http://mc-stan.org/misc/warnings.html#bulk-ess 
5: Tail Effective Samples Size (ESS) is too low, indicating posterior variances and tail quantiles may be unreliable.
Running the chains for more iterations may help. See
http://mc-stan.org/misc/warnings.html#tail-ess 
20200423A
20200423A
